2025/03/07 22:36:55 [notice] 1#1: signal 3 (SIGQUIT) received, shutting down
2025/03/07 22:36:55 [notice] 28#28: gracefully shutting down
2025/03/07 22:36:55 [notice] 29#29: gracefully shutting down
2025/03/07 22:36:55 [notice] 28#28: exiting
2025/03/07 22:36:55 [notice] 29#29: exiting
2025/03/07 22:36:55 [notice] 28#28: exit
2025/03/07 22:36:55 [notice] 29#29: exit
2025/03/07 22:36:55 [notice] 1#1: signal 17 (SIGCHLD) received from 29
2025/03/07 22:36:55 [notice] 1#1: worker process 28 exited with code 0
2025/03/07 22:36:55 [notice] 1#1: worker process 29 exited with code 0
2025/03/07 22:36:55 [notice] 1#1: exit
2025/03/07 22:37:33 [notice] 1#1: using the "epoll" event method
2025/03/07 22:37:33 [notice] 1#1: nginx/1.27.4
2025/03/07 22:37:33 [notice] 1#1: built by gcc 12.2.0 (Debian 12.2.0-14) 
2025/03/07 22:37:33 [notice] 1#1: OS: Linux 5.15.167.4-microsoft-standard-WSL2
2025/03/07 22:37:33 [notice] 1#1: getrlimit(RLIMIT_NOFILE): 1048576:1048576
2025/03/07 22:37:33 [notice] 1#1: start worker processes
2025/03/07 22:37:33 [notice] 1#1: start worker process 28
2025/03/07 22:37:33 [notice] 1#1: start worker process 29
2025/03/07 22:38:16 [notice] 1#1: signal 3 (SIGQUIT) received, shutting down
2025/03/07 22:38:16 [notice] 28#28: gracefully shutting down
2025/03/07 22:38:16 [notice] 29#29: gracefully shutting down
2025/03/07 22:38:16 [notice] 28#28: exiting
2025/03/07 22:38:16 [notice] 28#28: exit
2025/03/07 22:38:17 [notice] 1#1: signal 17 (SIGCHLD) received from 28
2025/03/07 22:38:17 [notice] 1#1: worker process 28 exited with code 0
2025/03/07 22:38:17 [notice] 1#1: signal 29 (SIGIO) received
2025/03/07 22:38:59 [notice] 1#1: using the "epoll" event method
2025/03/07 22:38:59 [notice] 1#1: nginx/1.27.4
2025/03/07 22:38:59 [notice] 1#1: built by gcc 12.2.0 (Debian 12.2.0-14) 
2025/03/07 22:38:59 [notice] 1#1: OS: Linux 5.15.167.4-microsoft-standard-WSL2
2025/03/07 22:38:59 [notice] 1#1: getrlimit(RLIMIT_NOFILE): 1048576:1048576
2025/03/07 22:38:59 [notice] 1#1: start worker processes
2025/03/07 22:38:59 [notice] 1#1: start worker process 28
2025/03/07 22:38:59 [notice] 1#1: start worker process 29
2025/03/07 22:39:53 [notice] 1#1: signal 3 (SIGQUIT) received, shutting down
2025/03/07 22:39:53 [notice] 29#29: gracefully shutting down
2025/03/07 22:39:53 [notice] 28#28: gracefully shutting down
2025/03/07 22:39:53 [notice] 28#28: exiting
2025/03/07 22:39:53 [notice] 28#28: exit
2025/03/07 22:39:53 [notice] 1#1: signal 17 (SIGCHLD) received from 28
2025/03/07 22:39:53 [notice] 1#1: worker process 28 exited with code 0
2025/03/07 22:39:53 [notice] 1#1: signal 29 (SIGIO) received
2025/03/08 06:21:34 [notice] 1#1: using the "epoll" event method
2025/03/08 06:21:34 [notice] 1#1: nginx/1.27.4
2025/03/08 06:21:34 [notice] 1#1: built by gcc 12.2.0 (Debian 12.2.0-14) 
2025/03/08 06:21:34 [notice] 1#1: OS: Linux 5.15.167.4-microsoft-standard-WSL2
2025/03/08 06:21:34 [notice] 1#1: getrlimit(RLIMIT_NOFILE): 1048576:1048576
2025/03/08 06:21:34 [notice] 1#1: start worker processes
2025/03/08 06:21:34 [notice] 1#1: start worker process 29
2025/03/08 06:21:34 [notice] 1#1: start worker process 30
2025/03/08 06:24:14 [notice] 1#1: signal 3 (SIGQUIT) received, shutting down
2025/03/08 06:24:14 [notice] 29#29: gracefully shutting down
2025/03/08 06:24:14 [notice] 30#30: gracefully shutting down
2025/03/08 06:24:14 [notice] 30#30: exiting
2025/03/08 06:24:14 [notice] 30#30: exit
2025/03/08 06:24:14 [notice] 29#29: exiting
2025/03/08 06:24:14 [notice] 29#29: exit
2025/03/08 06:24:14 [notice] 1#1: signal 17 (SIGCHLD) received from 29
2025/03/08 06:24:14 [notice] 1#1: worker process 29 exited with code 0
2025/03/08 06:24:14 [notice] 1#1: signal 29 (SIGIO) received
2025/03/08 06:24:14 [notice] 1#1: signal 17 (SIGCHLD) received from 30
2025/03/08 06:24:14 [notice] 1#1: worker process 30 exited with code 0
2025/03/08 06:24:14 [notice] 1#1: exit
2025/03/08 06:25:02 [notice] 1#1: using the "epoll" event method
2025/03/08 06:25:02 [notice] 1#1: nginx/1.27.4
2025/03/08 06:25:02 [notice] 1#1: built by gcc 12.2.0 (Debian 12.2.0-14) 
2025/03/08 06:25:02 [notice] 1#1: OS: Linux 5.15.167.4-microsoft-standard-WSL2
2025/03/08 06:25:02 [notice] 1#1: getrlimit(RLIMIT_NOFILE): 1048576:1048576
2025/03/08 06:25:02 [notice] 1#1: start worker processes
2025/03/08 06:25:02 [notice] 1#1: start worker process 28
2025/03/08 06:25:02 [notice] 1#1: start worker process 29
2025/03/08 06:32:45 [notice] 1#1: signal 3 (SIGQUIT) received, shutting down
2025/03/08 06:32:45 [notice] 29#29: gracefully shutting down
2025/03/08 06:32:45 [notice] 29#29: exiting
2025/03/08 06:32:45 [notice] 29#29: exit
2025/03/08 06:32:45 [notice] 28#28: gracefully shutting down
2025/03/08 06:32:45 [notice] 28#28: exiting
2025/03/08 06:32:45 [notice] 28#28: exit
2025/03/08 06:32:45 [notice] 1#1: signal 17 (SIGCHLD) received from 29
2025/03/08 06:32:45 [notice] 1#1: worker process 29 exited with code 0
2025/03/08 06:32:45 [notice] 1#1: signal 29 (SIGIO) received
2025/03/08 06:32:45 [notice] 1#1: signal 17 (SIGCHLD) received from 28
2025/03/08 06:32:45 [notice] 1#1: worker process 28 exited with code 0
2025/03/08 06:32:45 [notice] 1#1: exit
2025/03/08 06:33:05 [notice] 1#1: using the "epoll" event method
2025/03/08 06:33:05 [notice] 1#1: nginx/1.27.4
2025/03/08 06:33:05 [notice] 1#1: built by gcc 12.2.0 (Debian 12.2.0-14) 
2025/03/08 06:33:05 [notice] 1#1: OS: Linux 5.15.167.4-microsoft-standard-WSL2
2025/03/08 06:33:05 [notice] 1#1: getrlimit(RLIMIT_NOFILE): 1048576:1048576
2025/03/08 06:33:05 [notice] 1#1: start worker processes
2025/03/08 06:33:05 [notice] 1#1: start worker process 28
2025/03/08 06:33:05 [notice] 1#1: start worker process 29
2025/03/08 06:36:24 [notice] 1#1: signal 3 (SIGQUIT) received, shutting down
2025/03/08 06:36:24 [notice] 28#28: gracefully shutting down
2025/03/08 06:36:24 [notice] 28#28: exiting
2025/03/08 06:36:24 [notice] 29#29: gracefully shutting down
2025/03/08 06:36:24 [notice] 28#28: exit
2025/03/08 06:36:24 [notice] 29#29: exiting
2025/03/08 06:36:24 [notice] 29#29: exit
2025/03/08 06:36:24 [notice] 1#1: signal 17 (SIGCHLD) received from 28
2025/03/08 06:36:24 [notice] 1#1: worker process 28 exited with code 0
2025/03/08 06:36:24 [notice] 1#1: worker process 29 exited with code 0
2025/03/08 06:36:24 [notice] 1#1: exit
2025/03/08 06:36:49 [notice] 1#1: using the "epoll" event method
2025/03/08 06:36:49 [notice] 1#1: nginx/1.27.4
2025/03/08 06:36:49 [notice] 1#1: built by gcc 12.2.0 (Debian 12.2.0-14) 
2025/03/08 06:36:49 [notice] 1#1: OS: Linux 5.15.167.4-microsoft-standard-WSL2
2025/03/08 06:36:49 [notice] 1#1: getrlimit(RLIMIT_NOFILE): 1048576:1048576
2025/03/08 06:36:49 [notice] 1#1: start worker processes
2025/03/08 06:36:49 [notice] 1#1: start worker process 28
2025/03/08 06:36:49 [notice] 1#1: start worker process 29
2025/03/08 06:37:57 [notice] 1#1: signal 3 (SIGQUIT) received, shutting down
2025/03/08 06:37:57 [notice] 29#29: gracefully shutting down
2025/03/08 06:37:57 [notice] 29#29: exiting
2025/03/08 06:37:57 [notice] 28#28: gracefully shutting down
2025/03/08 06:37:57 [notice] 29#29: exit
2025/03/08 06:37:57 [notice] 28#28: exiting
2025/03/08 06:37:57 [notice] 28#28: exit
2025/03/08 06:37:57 [notice] 1#1: signal 17 (SIGCHLD) received from 29
2025/03/08 06:37:57 [notice] 1#1: worker process 29 exited with code 0
2025/03/08 06:37:57 [notice] 1#1: signal 29 (SIGIO) received
2025/03/08 06:37:57 [notice] 1#1: signal 17 (SIGCHLD) received from 28
2025/03/08 06:37:57 [notice] 1#1: worker process 28 exited with code 0
2025/03/08 06:37:58 [notice] 1#1: exit
2025/03/08 07:00:20 [notice] 1#1: using the "epoll" event method
2025/03/08 07:00:20 [notice] 1#1: nginx/1.27.4
2025/03/08 07:00:20 [notice] 1#1: built by gcc 12.2.0 (Debian 12.2.0-14) 
2025/03/08 07:00:20 [notice] 1#1: OS: Linux 5.15.167.4-microsoft-standard-WSL2
2025/03/08 07:00:20 [notice] 1#1: getrlimit(RLIMIT_NOFILE): 1048576:1048576
2025/03/08 07:00:20 [notice] 1#1: start worker processes
2025/03/08 07:00:20 [notice] 1#1: start worker process 28
2025/03/08 07:00:20 [notice] 1#1: start worker process 29
2025/03/08 07:04:55 [notice] 1#1: signal 3 (SIGQUIT) received, shutting down
2025/03/08 07:04:55 [notice] 28#28: gracefully shutting down
2025/03/08 07:04:55 [notice] 28#28: exiting
2025/03/08 07:04:55 [notice] 29#29: gracefully shutting down
2025/03/08 07:04:55 [notice] 28#28: exit
2025/03/08 07:04:55 [notice] 29#29: exiting
2025/03/08 07:04:55 [notice] 29#29: exit
2025/03/08 07:04:55 [notice] 1#1: signal 17 (SIGCHLD) received from 29
2025/03/08 07:04:55 [notice] 1#1: worker process 28 exited with code 0
2025/03/08 07:04:55 [notice] 1#1: worker process 29 exited with code 0
2025/03/08 07:04:55 [notice] 1#1: exit
2025/03/08 07:05:38 [notice] 1#1: using the "epoll" event method
2025/03/08 07:05:38 [notice] 1#1: nginx/1.27.4
2025/03/08 07:05:38 [notice] 1#1: built by gcc 12.2.0 (Debian 12.2.0-14) 
2025/03/08 07:05:38 [notice] 1#1: OS: Linux 5.15.167.4-microsoft-standard-WSL2
2025/03/08 07:05:38 [notice] 1#1: getrlimit(RLIMIT_NOFILE): 1048576:1048576
2025/03/08 07:05:38 [notice] 1#1: start worker processes
2025/03/08 07:05:38 [notice] 1#1: start worker process 28
2025/03/08 07:05:38 [notice] 1#1: start worker process 29
2025/03/08 07:18:33 [notice] 1#1: signal 3 (SIGQUIT) received, shutting down
2025/03/08 07:18:33 [notice] 29#29: gracefully shutting down
2025/03/08 07:18:33 [notice] 28#28: gracefully shutting down
2025/03/08 07:18:33 [notice] 29#29: exiting
2025/03/08 07:18:33 [notice] 28#28: exiting
2025/03/08 07:18:33 [notice] 29#29: exit
2025/03/08 07:18:33 [notice] 28#28: exit
2025/03/08 07:18:34 [notice] 1#1: signal 17 (SIGCHLD) received from 29
2025/03/08 07:18:34 [notice] 1#1: worker process 29 exited with code 0
2025/03/08 07:18:34 [notice] 1#1: signal 29 (SIGIO) received
2025/03/08 07:18:34 [notice] 1#1: signal 17 (SIGCHLD) received from 28
2025/03/08 07:18:34 [notice] 1#1: worker process 28 exited with code 0
2025/03/08 07:18:34 [notice] 1#1: exit
2025/03/08 07:22:24 [notice] 1#1: using the "epoll" event method
2025/03/08 07:22:24 [notice] 1#1: nginx/1.27.4
2025/03/08 07:22:24 [notice] 1#1: built by gcc 12.2.0 (Debian 12.2.0-14) 
2025/03/08 07:22:24 [notice] 1#1: OS: Linux 5.15.167.4-microsoft-standard-WSL2
2025/03/08 07:22:24 [notice] 1#1: getrlimit(RLIMIT_NOFILE): 1048576:1048576
2025/03/08 07:22:24 [notice] 1#1: start worker processes
2025/03/08 07:22:24 [notice] 1#1: start worker process 28
2025/03/08 07:22:24 [notice] 1#1: start worker process 29
2025/03/08 07:25:31 [notice] 1#1: signal 3 (SIGQUIT) received, shutting down
2025/03/08 07:25:31 [notice] 28#28: gracefully shutting down
2025/03/08 07:25:31 [notice] 29#29: gracefully shutting down
2025/03/08 07:25:31 [notice] 28#28: exiting
2025/03/08 07:25:31 [notice] 29#29: exiting
2025/03/08 07:25:31 [notice] 28#28: exit
2025/03/08 07:25:31 [notice] 29#29: exit
2025/03/08 07:25:31 [notice] 1#1: signal 17 (SIGCHLD) received from 29
2025/03/08 07:25:31 [notice] 1#1: worker process 29 exited with code 0
2025/03/08 07:25:31 [notice] 1#1: worker process 28 exited with code 0
2025/03/08 07:25:31 [notice] 1#1: exit
2025/03/08 07:29:10 [notice] 1#1: using the "epoll" event method
2025/03/08 07:29:10 [notice] 1#1: nginx/1.27.4
2025/03/08 07:29:10 [notice] 1#1: built by gcc 12.2.0 (Debian 12.2.0-14) 
2025/03/08 07:29:10 [notice] 1#1: OS: Linux 5.15.167.4-microsoft-standard-WSL2
2025/03/08 07:29:10 [notice] 1#1: getrlimit(RLIMIT_NOFILE): 1048576:1048576
2025/03/08 07:29:10 [notice] 1#1: start worker processes
2025/03/08 07:29:10 [notice] 1#1: start worker process 28
2025/03/08 07:29:10 [notice] 1#1: start worker process 29
2025/03/08 07:29:42 [notice] 1#1: signal 3 (SIGQUIT) received, shutting down
2025/03/08 07:29:42 [notice] 28#28: gracefully shutting down
2025/03/08 07:29:42 [notice] 28#28: exiting
2025/03/08 07:29:42 [notice] 29#29: gracefully shutting down
2025/03/08 07:29:42 [notice] 28#28: exit
2025/03/08 07:29:42 [notice] 29#29: exiting
2025/03/08 07:29:42 [notice] 29#29: exit
2025/03/08 07:29:43 [notice] 1#1: signal 17 (SIGCHLD) received from 29
2025/03/08 07:29:43 [notice] 1#1: worker process 28 exited with code 0
2025/03/08 07:29:43 [notice] 1#1: worker process 29 exited with code 0
2025/03/08 07:29:43 [notice] 1#1: exit
2025/03/08 07:33:14 [notice] 1#1: using the "epoll" event method
2025/03/08 07:33:14 [notice] 1#1: nginx/1.27.4
2025/03/08 07:33:14 [notice] 1#1: built by gcc 12.2.0 (Debian 12.2.0-14) 
2025/03/08 07:33:14 [notice] 1#1: OS: Linux 5.15.167.4-microsoft-standard-WSL2
2025/03/08 07:33:14 [notice] 1#1: getrlimit(RLIMIT_NOFILE): 1048576:1048576
2025/03/08 07:33:14 [notice] 1#1: start worker processes
2025/03/08 07:33:14 [notice] 1#1: start worker process 28
2025/03/08 07:33:14 [notice] 1#1: start worker process 29
2025/03/08 07:33:32 [notice] 1#1: signal 3 (SIGQUIT) received, shutting down
2025/03/08 07:33:32 [notice] 29#29: gracefully shutting down
2025/03/08 07:33:32 [notice] 28#28: gracefully shutting down
2025/03/08 07:33:32 [notice] 29#29: exiting
2025/03/08 07:33:32 [notice] 29#29: exit
2025/03/08 07:33:32 [notice] 28#28: exiting
2025/03/08 07:33:32 [notice] 28#28: exit
2025/03/08 07:33:32 [notice] 1#1: signal 17 (SIGCHLD) received from 29
2025/03/08 07:33:32 [notice] 1#1: worker process 28 exited with code 0
2025/03/08 07:33:32 [notice] 1#1: worker process 29 exited with code 0
2025/03/08 07:33:34 [notice] 1#1: exit
2025/03/08 07:37:10 [notice] 1#1: using the "epoll" event method
2025/03/08 07:37:10 [notice] 1#1: nginx/1.27.4
2025/03/08 07:37:10 [notice] 1#1: built by gcc 12.2.0 (Debian 12.2.0-14) 
2025/03/08 07:37:10 [notice] 1#1: OS: Linux 5.15.167.4-microsoft-standard-WSL2
2025/03/08 07:37:10 [notice] 1#1: getrlimit(RLIMIT_NOFILE): 1048576:1048576
2025/03/08 07:37:10 [notice] 1#1: start worker processes
2025/03/08 07:37:10 [notice] 1#1: start worker process 28
2025/03/08 07:37:10 [notice] 1#1: start worker process 29
2025/03/08 07:41:46 [notice] 1#1: signal 3 (SIGQUIT) received, shutting down
2025/03/08 07:41:46 [notice] 29#29: gracefully shutting down
2025/03/08 07:41:46 [notice] 28#28: gracefully shutting down
2025/03/08 07:41:46 [notice] 29#29: exiting
2025/03/08 07:41:46 [notice] 28#28: exiting
2025/03/08 07:41:46 [notice] 29#29: exit
2025/03/08 07:41:46 [notice] 28#28: exit
2025/03/08 07:41:46 [notice] 1#1: signal 17 (SIGCHLD) received from 29
2025/03/08 07:41:46 [notice] 1#1: worker process 29 exited with code 0
2025/03/08 07:41:46 [notice] 1#1: signal 29 (SIGIO) received
2025/03/08 07:41:46 [notice] 1#1: signal 17 (SIGCHLD) received from 28
2025/03/08 07:41:46 [notice] 1#1: worker process 28 exited with code 0
2025/03/08 07:41:46 [notice] 1#1: exit
2025/03/08 07:42:30 [notice] 1#1: using the "epoll" event method
2025/03/08 07:42:30 [notice] 1#1: nginx/1.27.4
2025/03/08 07:42:30 [notice] 1#1: built by gcc 12.2.0 (Debian 12.2.0-14) 
2025/03/08 07:42:30 [notice] 1#1: OS: Linux 5.15.167.4-microsoft-standard-WSL2
2025/03/08 07:42:30 [notice] 1#1: getrlimit(RLIMIT_NOFILE): 1048576:1048576
2025/03/08 07:42:30 [notice] 1#1: start worker processes
2025/03/08 07:42:30 [notice] 1#1: start worker process 29
2025/03/08 07:42:30 [notice] 1#1: start worker process 30
2025/03/08 08:26:52 [notice] 1#1: signal 3 (SIGQUIT) received, shutting down
2025/03/08 08:26:52 [notice] 29#29: gracefully shutting down
2025/03/08 08:26:52 [notice] 30#30: gracefully shutting down
2025/03/08 08:26:52 [notice] 29#29: exiting
2025/03/08 08:26:52 [notice] 30#30: exiting
2025/03/08 08:26:52 [notice] 29#29: exit
2025/03/08 08:26:52 [notice] 30#30: exit
2025/03/08 08:26:53 [notice] 1#1: signal 17 (SIGCHLD) received from 29
2025/03/08 08:26:53 [notice] 1#1: worker process 29 exited with code 0
2025/03/08 08:26:53 [notice] 1#1: worker process 30 exited with code 0
2025/03/08 08:26:53 [notice] 1#1: exit
2025/03/08 11:19:48 [notice] 1#1: using the "epoll" event method
2025/03/08 11:19:48 [notice] 1#1: nginx/1.27.4
2025/03/08 11:19:48 [notice] 1#1: built by gcc 12.2.0 (Debian 12.2.0-14) 
2025/03/08 11:19:48 [notice] 1#1: OS: Linux 5.15.167.4-microsoft-standard-WSL2
2025/03/08 11:19:48 [notice] 1#1: getrlimit(RLIMIT_NOFILE): 1048576:1048576
2025/03/08 11:19:48 [notice] 1#1: start worker processes
2025/03/08 11:19:48 [notice] 1#1: start worker process 30
2025/03/08 11:19:48 [notice] 1#1: start worker process 31
2025/03/08 11:21:16 [notice] 1#1: signal 3 (SIGQUIT) received, shutting down
2025/03/08 11:21:16 [notice] 31#31: gracefully shutting down
2025/03/08 11:21:16 [notice] 30#30: gracefully shutting down
2025/03/08 11:21:16 [notice] 31#31: exiting
2025/03/08 11:21:16 [notice] 31#31: exit
2025/03/08 11:21:16 [notice] 1#1: signal 17 (SIGCHLD) received from 31
2025/03/08 11:21:16 [notice] 1#1: worker process 31 exited with code 0
2025/03/08 11:21:16 [notice] 1#1: signal 29 (SIGIO) received
2025/03/08 11:21:21 [notice] 30#30: exiting
2025/03/08 11:21:21 [notice] 30#30: exit
2025/03/08 11:21:21 [notice] 1#1: signal 17 (SIGCHLD) received from 30
2025/03/08 11:21:21 [notice] 1#1: worker process 30 exited with code 0
2025/03/08 11:21:21 [notice] 1#1: exit
2025/03/08 11:22:05 [notice] 1#1: using the "epoll" event method
2025/03/08 11:22:05 [notice] 1#1: nginx/1.27.4
2025/03/08 11:22:05 [notice] 1#1: built by gcc 12.2.0 (Debian 12.2.0-14) 
2025/03/08 11:22:05 [notice] 1#1: OS: Linux 5.15.167.4-microsoft-standard-WSL2
2025/03/08 11:22:05 [notice] 1#1: getrlimit(RLIMIT_NOFILE): 1048576:1048576
2025/03/08 11:22:05 [notice] 1#1: start worker processes
2025/03/08 11:22:05 [notice] 1#1: start worker process 28
2025/03/08 11:22:05 [notice] 1#1: start worker process 29
2025/03/08 12:02:25 [notice] 1#1: signal 3 (SIGQUIT) received, shutting down
2025/03/08 12:02:25 [notice] 29#29: gracefully shutting down
2025/03/08 12:02:25 [notice] 29#29: exiting
2025/03/08 12:02:25 [notice] 28#28: gracefully shutting down
2025/03/08 12:02:25 [notice] 28#28: exiting
2025/03/08 12:02:25 [notice] 29#29: exit
2025/03/08 12:02:25 [notice] 28#28: exit
2025/03/08 12:02:25 [notice] 1#1: signal 17 (SIGCHLD) received from 29
2025/03/08 12:02:25 [notice] 1#1: worker process 28 exited with code 0
2025/03/08 12:02:25 [notice] 1#1: worker process 29 exited with code 0
2025/03/08 12:02:25 [notice] 1#1: exit
2025/03/08 12:03:07 [notice] 1#1: using the "epoll" event method
2025/03/08 12:03:07 [notice] 1#1: nginx/1.27.4
2025/03/08 12:03:07 [notice] 1#1: built by gcc 12.2.0 (Debian 12.2.0-14) 
2025/03/08 12:03:07 [notice] 1#1: OS: Linux 5.15.167.4-microsoft-standard-WSL2
2025/03/08 12:03:07 [notice] 1#1: getrlimit(RLIMIT_NOFILE): 1048576:1048576
2025/03/08 12:03:07 [notice] 1#1: start worker processes
2025/03/08 12:03:07 [notice] 1#1: start worker process 29
2025/03/08 12:03:07 [notice] 1#1: start worker process 30
2025/03/08 13:40:16 [notice] 1#1: signal 3 (SIGQUIT) received, shutting down
2025/03/08 13:40:16 [notice] 29#29: gracefully shutting down
2025/03/08 13:40:16 [notice] 29#29: exiting
2025/03/08 13:40:16 [notice] 30#30: gracefully shutting down
2025/03/08 13:40:16 [notice] 30#30: exiting
2025/03/08 13:40:16 [notice] 29#29: exit
2025/03/08 13:40:16 [notice] 30#30: exit
2025/03/08 13:40:16 [notice] 1#1: signal 17 (SIGCHLD) received from 29
2025/03/08 13:40:16 [notice] 1#1: worker process 29 exited with code 0
2025/03/08 13:40:16 [notice] 1#1: worker process 30 exited with code 0
2025/03/08 13:40:16 [notice] 1#1: exit
2025/03/08 13:46:38 [notice] 1#1: using the "epoll" event method
2025/03/08 13:46:38 [notice] 1#1: nginx/1.27.4
2025/03/08 13:46:38 [notice] 1#1: built by gcc 12.2.0 (Debian 12.2.0-14) 
2025/03/08 13:46:38 [notice] 1#1: OS: Linux 5.15.167.4-microsoft-standard-WSL2
2025/03/08 13:46:38 [notice] 1#1: getrlimit(RLIMIT_NOFILE): 1048576:1048576
2025/03/08 13:46:38 [notice] 1#1: start worker processes
2025/03/08 13:46:38 [notice] 1#1: start worker process 28
2025/03/08 13:46:38 [notice] 1#1: start worker process 29
2025/03/08 14:11:48 [notice] 1#1: signal 3 (SIGQUIT) received, shutting down
2025/03/08 14:11:48 [notice] 29#29: gracefully shutting down
2025/03/08 14:11:48 [notice] 29#29: exiting
2025/03/08 14:11:48 [notice] 28#28: gracefully shutting down
2025/03/08 14:11:48 [notice] 29#29: exit
2025/03/08 14:11:48 [notice] 28#28: exiting
2025/03/08 14:11:48 [notice] 28#28: exit
2025/03/08 14:11:48 [notice] 1#1: signal 17 (SIGCHLD) received from 29
2025/03/08 14:11:48 [notice] 1#1: worker process 29 exited with code 0
2025/03/08 14:11:48 [notice] 1#1: signal 29 (SIGIO) received
2025/03/08 14:11:48 [notice] 1#1: signal 17 (SIGCHLD) received from 28
2025/03/08 14:11:48 [notice] 1#1: worker process 28 exited with code 0
2025/03/08 14:11:48 [notice] 1#1: exit
2025/03/08 14:12:17 [notice] 1#1: using the "epoll" event method
2025/03/08 14:12:17 [notice] 1#1: nginx/1.27.4
2025/03/08 14:12:17 [notice] 1#1: built by gcc 12.2.0 (Debian 12.2.0-14) 
2025/03/08 14:12:17 [notice] 1#1: OS: Linux 5.15.167.4-microsoft-standard-WSL2
2025/03/08 14:12:17 [notice] 1#1: getrlimit(RLIMIT_NOFILE): 1048576:1048576
2025/03/08 14:12:17 [notice] 1#1: start worker processes
2025/03/08 14:12:17 [notice] 1#1: start worker process 27
2025/03/08 14:12:17 [notice] 1#1: start worker process 28
2025/03/08 14:18:14 [notice] 1#1: signal 3 (SIGQUIT) received, shutting down
2025/03/08 14:18:14 [notice] 28#28: gracefully shutting down
2025/03/08 14:18:14 [notice] 28#28: exiting
2025/03/08 14:18:14 [notice] 27#27: gracefully shutting down
2025/03/08 14:18:14 [notice] 27#27: exiting
2025/03/08 14:18:14 [notice] 27#27: exit
2025/03/08 14:18:14 [notice] 28#28: exit
2025/03/08 14:18:14 [notice] 1#1: signal 17 (SIGCHLD) received from 27
2025/03/08 14:18:14 [notice] 1#1: worker process 27 exited with code 0
2025/03/08 14:18:14 [notice] 1#1: worker process 28 exited with code 0
2025/03/08 14:18:14 [notice] 1#1: exit
2025/03/08 14:35:14 [notice] 1#1: using the "epoll" event method
2025/03/08 14:35:14 [notice] 1#1: nginx/1.27.4
2025/03/08 14:35:14 [notice] 1#1: built by gcc 12.2.0 (Debian 12.2.0-14) 
2025/03/08 14:35:14 [notice] 1#1: OS: Linux 5.15.167.4-microsoft-standard-WSL2
2025/03/08 14:35:14 [notice] 1#1: getrlimit(RLIMIT_NOFILE): 1048576:1048576
2025/03/08 14:35:14 [notice] 1#1: start worker processes
2025/03/08 14:35:14 [notice] 1#1: start worker process 29
2025/03/08 14:35:14 [notice] 1#1: start worker process 30
2025/03/08 14:39:39 [notice] 1#1: signal 3 (SIGQUIT) received, shutting down
2025/03/08 14:39:39 [notice] 30#30: gracefully shutting down
2025/03/08 14:39:39 [notice] 29#29: gracefully shutting down
2025/03/08 14:39:39 [notice] 30#30: exiting
2025/03/08 14:39:39 [notice] 29#29: exiting
2025/03/08 14:39:39 [notice] 30#30: exit
2025/03/08 14:39:39 [notice] 29#29: exit
2025/03/08 14:39:39 [notice] 1#1: signal 17 (SIGCHLD) received from 29
2025/03/08 14:39:39 [notice] 1#1: worker process 29 exited with code 0
2025/03/08 14:39:39 [notice] 1#1: worker process 30 exited with code 0
2025/03/08 14:39:39 [notice] 1#1: exit
2025/03/08 14:41:00 [notice] 1#1: using the "epoll" event method
2025/03/08 14:41:00 [notice] 1#1: nginx/1.27.4
2025/03/08 14:41:00 [notice] 1#1: built by gcc 12.2.0 (Debian 12.2.0-14) 
2025/03/08 14:41:00 [notice] 1#1: OS: Linux 5.15.167.4-microsoft-standard-WSL2
2025/03/08 14:41:00 [notice] 1#1: getrlimit(RLIMIT_NOFILE): 1048576:1048576
2025/03/08 14:41:00 [notice] 1#1: start worker processes
2025/03/08 14:41:00 [notice] 1#1: start worker process 28
2025/03/08 14:41:00 [notice] 1#1: start worker process 29
2025/03/08 14:47:10 [notice] 1#1: signal 3 (SIGQUIT) received, shutting down
2025/03/08 14:47:10 [notice] 28#28: gracefully shutting down
2025/03/08 14:47:10 [notice] 29#29: gracefully shutting down
2025/03/08 14:47:10 [notice] 28#28: exiting
2025/03/08 14:47:10 [notice] 29#29: exiting
2025/03/08 14:47:10 [notice] 28#28: exit
2025/03/08 14:47:10 [notice] 29#29: exit
2025/03/08 14:47:10 [notice] 1#1: signal 17 (SIGCHLD) received from 28
2025/03/08 14:47:10 [notice] 1#1: worker process 28 exited with code 0
2025/03/08 14:47:10 [notice] 1#1: worker process 29 exited with code 0
2025/03/08 14:47:10 [notice] 1#1: exit
2025/03/08 14:50:53 [notice] 1#1: using the "epoll" event method
2025/03/08 14:50:53 [notice] 1#1: nginx/1.27.4
2025/03/08 14:50:53 [notice] 1#1: built by gcc 12.2.0 (Debian 12.2.0-14) 
2025/03/08 14:50:53 [notice] 1#1: OS: Linux 5.15.167.4-microsoft-standard-WSL2
2025/03/08 14:50:53 [notice] 1#1: getrlimit(RLIMIT_NOFILE): 1048576:1048576
2025/03/08 14:50:53 [notice] 1#1: start worker processes
2025/03/08 14:50:53 [notice] 1#1: start worker process 28
2025/03/08 14:50:53 [notice] 1#1: start worker process 29
2025/03/08 14:58:14 [notice] 1#1: using the "epoll" event method
2025/03/08 14:58:14 [notice] 1#1: nginx/1.27.4
2025/03/08 14:58:14 [notice] 1#1: built by gcc 12.2.0 (Debian 12.2.0-14) 
2025/03/08 14:58:14 [notice] 1#1: OS: Linux 5.15.167.4-microsoft-standard-WSL2
2025/03/08 14:58:14 [notice] 1#1: getrlimit(RLIMIT_NOFILE): 1048576:1048576
2025/03/08 14:58:14 [notice] 1#1: start worker processes
2025/03/08 14:58:14 [notice] 1#1: start worker process 28
2025/03/08 14:58:14 [notice] 1#1: start worker process 29
2025/03/08 15:07:40 [notice] 1#1: signal 3 (SIGQUIT) received, shutting down
2025/03/08 15:07:40 [notice] 29#29: gracefully shutting down
2025/03/08 15:07:40 [notice] 29#29: exiting
2025/03/08 15:07:40 [notice] 28#28: gracefully shutting down
2025/03/08 15:07:40 [notice] 29#29: exit
2025/03/08 15:07:40 [notice] 28#28: exiting
2025/03/08 15:07:40 [notice] 28#28: exit
2025/03/08 15:07:40 [notice] 1#1: signal 17 (SIGCHLD) received from 29
2025/03/08 15:07:40 [notice] 1#1: worker process 28 exited with code 0
2025/03/08 15:07:40 [notice] 1#1: worker process 29 exited with code 0
2025/03/08 15:07:40 [notice] 1#1: exit
2025/03/08 15:22:46 [notice] 1#1: using the "epoll" event method
2025/03/08 15:22:46 [notice] 1#1: nginx/1.27.4
2025/03/08 15:22:46 [notice] 1#1: built by gcc 12.2.0 (Debian 12.2.0-14) 
2025/03/08 15:22:46 [notice] 1#1: OS: Linux 5.15.167.4-microsoft-standard-WSL2
2025/03/08 15:22:46 [notice] 1#1: getrlimit(RLIMIT_NOFILE): 1048576:1048576
2025/03/08 15:22:46 [notice] 1#1: start worker processes
2025/03/08 15:22:46 [notice] 1#1: start worker process 28
2025/03/08 15:22:46 [notice] 1#1: start worker process 29
2025/03/08 18:29:37 [notice] 1#1: signal 3 (SIGQUIT) received, shutting down
2025/03/08 18:29:37 [notice] 28#28: gracefully shutting down
2025/03/08 18:29:37 [notice] 28#28: exiting
2025/03/08 18:29:37 [notice] 29#29: gracefully shutting down
2025/03/08 18:29:37 [notice] 29#29: exiting
2025/03/08 18:29:37 [notice] 28#28: exit
2025/03/08 18:29:37 [notice] 29#29: exit
2025/03/08 18:29:38 [notice] 1#1: signal 17 (SIGCHLD) received from 28
2025/03/08 18:29:38 [notice] 1#1: worker process 28 exited with code 0
2025/03/08 18:29:38 [notice] 1#1: worker process 29 exited with code 0
2025/03/08 18:29:38 [notice] 1#1: exit
2025/03/08 19:06:08 [notice] 1#1: using the "epoll" event method
2025/03/08 19:06:08 [notice] 1#1: nginx/1.27.4
2025/03/08 19:06:08 [notice] 1#1: built by gcc 14.2.0 (Alpine 14.2.0) 
2025/03/08 19:06:08 [notice] 1#1: OS: Linux 5.15.167.4-microsoft-standard-WSL2
2025/03/08 19:06:08 [notice] 1#1: getrlimit(RLIMIT_NOFILE): 1048576:1048576
2025/03/08 19:06:08 [notice] 1#1: start worker processes
2025/03/08 19:06:08 [notice] 1#1: start worker process 29
2025/03/08 19:06:08 [notice] 1#1: start worker process 30
2025/03/08 19:10:41 [notice] 1#1: signal 3 (SIGQUIT) received, shutting down
2025/03/08 19:10:41 [notice] 30#30: gracefully shutting down
2025/03/08 19:10:41 [notice] 30#30: exiting
2025/03/08 19:10:41 [notice] 29#29: gracefully shutting down
2025/03/08 19:10:41 [notice] 29#29: exiting
2025/03/08 19:10:41 [notice] 30#30: exit
2025/03/08 19:10:41 [notice] 29#29: exit
2025/03/08 19:10:41 [notice] 1#1: signal 17 (SIGCHLD) received from 29
2025/03/08 19:10:41 [notice] 1#1: worker process 29 exited with code 0
2025/03/08 19:10:41 [notice] 1#1: signal 29 (SIGIO) received
2025/03/08 19:10:41 [notice] 1#1: signal 17 (SIGCHLD) received from 30
2025/03/08 19:10:41 [notice] 1#1: worker process 30 exited with code 0
2025/03/08 19:10:41 [notice] 1#1: exit
2025/03/08 19:20:21 [notice] 1#1: using the "epoll" event method
2025/03/08 19:20:21 [notice] 1#1: nginx/1.27.4
2025/03/08 19:20:21 [notice] 1#1: built by gcc 14.2.0 (Alpine 14.2.0) 
2025/03/08 19:20:21 [notice] 1#1: OS: Linux 5.15.167.4-microsoft-standard-WSL2
2025/03/08 19:20:21 [notice] 1#1: getrlimit(RLIMIT_NOFILE): 1048576:1048576
2025/03/08 19:20:21 [notice] 1#1: start worker processes
2025/03/08 19:20:21 [notice] 1#1: start worker process 28
2025/03/08 19:20:21 [notice] 1#1: start worker process 29
2025/03/08 19:23:02 [notice] 1#1: signal 3 (SIGQUIT) received, shutting down
2025/03/08 19:23:03 [notice] 28#28: gracefully shutting down
2025/03/08 19:23:03 [notice] 28#28: exiting
2025/03/08 19:23:03 [notice] 29#29: gracefully shutting down
2025/03/08 19:23:03 [notice] 29#29: exiting
2025/03/08 19:23:03 [notice] 28#28: exit
2025/03/08 19:23:03 [notice] 29#29: exit
2025/03/08 19:23:03 [notice] 1#1: signal 17 (SIGCHLD) received from 28
2025/03/08 19:23:03 [notice] 1#1: worker process 28 exited with code 0
2025/03/08 19:23:03 [notice] 1#1: worker process 29 exited with code 0
2025/03/08 19:23:03 [notice] 1#1: exit
2025/03/08 19:25:14 [notice] 1#1: using the "epoll" event method
2025/03/08 19:25:14 [notice] 1#1: nginx/1.27.4
2025/03/08 19:25:14 [notice] 1#1: built by gcc 14.2.0 (Alpine 14.2.0) 
2025/03/08 19:25:14 [notice] 1#1: OS: Linux 5.15.167.4-microsoft-standard-WSL2
2025/03/08 19:25:14 [notice] 1#1: getrlimit(RLIMIT_NOFILE): 1048576:1048576
2025/03/08 19:25:14 [notice] 1#1: start worker processes
2025/03/08 19:25:14 [notice] 1#1: start worker process 30
2025/03/08 19:25:14 [notice] 1#1: start worker process 31
2025/03/08 21:16:54 [notice] 1#1: signal 3 (SIGQUIT) received, shutting down
2025/03/08 21:16:54 [notice] 30#30: gracefully shutting down
2025/03/08 21:16:54 [notice] 30#30: exiting
2025/03/08 21:16:54 [notice] 31#31: gracefully shutting down
2025/03/08 21:16:54 [notice] 31#31: exiting
2025/03/08 21:16:54 [notice] 30#30: exit
2025/03/08 21:16:54 [notice] 31#31: exit
2025/03/08 21:16:54 [notice] 1#1: signal 17 (SIGCHLD) received from 31
2025/03/08 21:16:54 [notice] 1#1: worker process 31 exited with code 0
2025/03/08 21:16:54 [notice] 1#1: worker process 30 exited with code 0
2025/03/08 21:16:54 [notice] 1#1: exit
